  CHandlerSession.cpp
  Please define _WIN32_WINNT or _WIN32_WINDOWS appropriately. For example:
  - add -D_WIN32_WINNT=0x0601 to the compiler command line; or
  - add _WIN32_WINNT=0x0601 to your project's Preprocessor Definitions.
  Assuming _WIN32_WINNT=0x0601 (i.e. Windows 7 target).
C:\Users\Charls\Projects\C++\VisurePractico\Server\Include\ConsoleStyle.h(26,39): warning C4244: 'argument': conversion from 'ConsoleColor' to 'WORD', possible loss of data
  (compiling source file 'Src/CHandlerSession.cpp')
  
C:\Users\Charls\Projects\C++\VisurePractico\Server\Src\CHandlerSession.cpp(63,6): warning C4458: declaration of 'id' hides class member
  C:\Users\Charls\Projects\C++\VisurePractico\Server\Include\CHandlerSession.h(26,9):
  see declaration of 'CHandlerSession::id'
  
  CServer.cpp
  Please define _WIN32_WINNT or _WIN32_WINDOWS appropriately. For example:
  - add -D_WIN32_WINNT=0x0601 to the compiler command line; or
  - add _WIN32_WINNT=0x0601 to your project's Preprocessor Definitions.
  Assuming _WIN32_WINNT=0x0601 (i.e. Windows 7 target).
C:\Users\Charls\Projects\C++\VisurePractico\Server\Include\ConsoleStyle.h(26,39): warning C4244: 'argument': conversion from 'ConsoleColor' to 'WORD', possible loss of data
  (compiling source file 'Src/CServer.cpp')
  
C:\Users\Charls\Projects\C++\VisurePractico\Server\Src\CServer.cpp(50,101): warning C4267: 'argument': conversion from 'size_t' to 'int', possible loss of data
C:\Users\Charls\Projects\C++\VisurePractico\Server\Src\CServer.cpp(43,27): warning C4101: 'e': unreferenced local variable
C:\Users\Charls\Projects\C++\VisurePractico\Server\Include\ConsoleStyle.h(24,13): warning C4505: 'SetConsoleColor': unreferenced function with internal linkage has been removed
  (compiling source file 'Src/CServer.cpp')
  
  Main.cpp
  Please define _WIN32_WINNT or _WIN32_WINDOWS appropriately. For example:
  - add -D_WIN32_WINNT=0x0601 to the compiler command line; or
  - add _WIN32_WINNT=0x0601 to your project's Preprocessor Definitions.
  Assuming _WIN32_WINNT=0x0601 (i.e. Windows 7 target).
C:\Users\Charls\Projects\C++\VisurePractico\Server\Include\ConsoleStyle.h(26,39): warning C4244: 'argument': conversion from 'ConsoleColor' to 'WORD', possible loss of data
  (compiling source file 'Src/Main.cpp')
  
C:\Users\Charls\Projects\C++\VisurePractico\Server\Include\ConsoleStyle.h(24,13): warning C4505: 'SetConsoleColor': unreferenced function with internal linkage has been removed
  (compiling source file 'Src/Main.cpp')
  
  Generating Code...
  Server.vcxproj -> C:\Users\Charls\Projects\C++\VisurePractico\Bin\x64\Server.exe
  'pwsh.exe' is not recognized as an internal or external command,
  operable program or batch file.
