  CClient.cpp
  Please define _WIN32_WINNT or _WIN32_WINDOWS appropriately. For example:
  - add -D_WIN32_WINNT=0x0601 to the compiler command line; or
  - add _WIN32_WINNT=0x0601 to your project's Preprocessor Definitions.
  Assuming _WIN32_WINNT=0x0601 (i.e. Windows 7 target).
C:\Users\Charls\Projects\C++\VisurePractico\Client\Include\ConsoleStyle.h(26,39): warning C4244: 'argument': conversion from 'ConsoleColor' to 'WORD', possible loss of data
  (compiling source file 'Src/CClient.cpp')
  
  CUser.cpp
  Main.cpp
  Please define _WIN32_WINNT or _WIN32_WINDOWS appropriately. For example:
  - add -D_WIN32_WINNT=0x0601 to the compiler command line; or
  - add _WIN32_WINNT=0x0601 to your project's Preprocessor Definitions.
  Assuming _WIN32_WINNT=0x0601 (i.e. Windows 7 target).
C:\Users\Charls\Projects\C++\VisurePractico\Client\Include\ConsoleStyle.h(26,39): warning C4244: 'argument': conversion from 'ConsoleColor' to 'WORD', possible loss of data
  (compiling source file 'Src/Main.cpp')
  
C:\Users\Charls\Projects\C++\VisurePractico\Client\Include\ConsoleStyle.h(24,13): warning C4505: 'SetConsoleColor': unreferenced function with internal linkage has been removed
  (compiling source file 'Src/Main.cpp')
  
  Generating Code...
  Client.vcxproj -> C:\Users\Charls\Projects\C++\VisurePractico\Bin\x64\Client.exe
  'pwsh.exe' is not recognized as an internal or external command,
  operable program or batch file.
